app/build/intermediates/manifest_merge_blame_file/debug/processDebugMainManifest/manifest-merger-blame-debug-report.txt
1<?xml version="1.0" encoding="utf-8"?>
2<manifest xmlns:android="http://schemas.android.com/apk/res/android"
3    package="com.sudarshan.mobileguard"
4    android:versionCode="1"
5    android:versionName="1.0.0" >
6
7    <uses-sdk
8        android:minSdkVersion="26"
9        android:targetSdkVersion="34" />
10
11    <!-- Permissions needed by the guard app itself -->
12    <uses-permission android:name="android.permission.RECEIVE_BOOT_COMPLETED" />
12-->src\main\AndroidManifest.xml:6:5-81
12-->src\main\AndroidManifest.xml:6:22-78
13    <uses-permission android:name="android.permission.QUERY_ALL_PACKAGES" />
13-->src\main\AndroidManifest.xml:7:5-8:53
13-->src\main\AndroidManifest.xml:7:22-74
14    <uses-permission
14-->src\main\AndroidManifest.xml:9:5-10:38
15        android:name="android.permission.READ_EXTERNAL_STORAGE"
15-->src\main\AndroidManifest.xml:9:22-77
16        android:maxSdkVersion="32" />
16-->src\main\AndroidManifest.xml:10:9-35
17    <uses-permission android:name="android.permission.READ_MEDIA_IMAGES" />
17-->src\main\AndroidManifest.xml:11:5-76
17-->src\main\AndroidManifest.xml:11:22-73
18    <uses-permission android:name="android.permission.INTERNET" />
18-->src\main\AndroidManifest.xml:12:5-67
18-->src\main\AndroidManifest.xml:12:22-64
19    <uses-permission android:name="android.permission.FOREGROUND_SERVICE" />
19-->src\main\AndroidManifest.xml:13:5-77
19-->src\main\AndroidManifest.xml:13:22-74
20    <uses-permission android:name="android.permission.FOREGROUND_SERVICE_DATA_SYNC" />
20-->src\main\AndroidManifest.xml:14:5-87
20-->src\main\AndroidManifest.xml:14:22-84
21    <uses-permission android:name="android.permission.POST_NOTIFICATIONS" />
21-->src\main\AndroidManifest.xml:15:5-77
21-->src\main\AndroidManifest.xml:15:22-74
22    <uses-permission android:name="android.permission.RECEIVE_BOOT_COMPLETED" />
22-->src\main\AndroidManifest.xml:6:5-81
22-->src\main\AndroidManifest.xml:6:22-78
23    <uses-permission android:name="android.permission.REQUEST_INSTALL_PACKAGES" />
23-->src\main\AndroidManifest.xml:17:5-83
23-->src\main\AndroidManifest.xml:17:22-80
24    <uses-permission android:name="android.permission.WAKE_LOCK" />
24-->[androidx.work:work-runtime:2.9.0] AndroidManifest.xml:23:5-68
24-->[androidx.work:work-runtime:2.9.0] AndroidManifest.xml:23:22-65
25    <uses-permission android:name="android.permission.ACCESS_NETWORK_STATE" />
25-->[androidx.work:work-runtime:2.9.0] AndroidManifest.xml:24:5-79
25-->[androidx.work:work-runtime:2.9.0] AndroidManifest.xml:24:22-76
26
27    <permission
27-->[androidx.core:core:1.9.0] AndroidManifest.xml:22:5-24:47
28        android:name="com.sudarshan.mobileguard.DYNAMIC_RECEIVER_NOT_EXPORTED_PERMISSION"
28-->[androidx.core:core:1.9.0] AndroidManifest.xml:23:9-81
29        android:protectionLevel="signature" />
29-->[androidx.core:core:1.9.0] AndroidManifest.xml:24:9-44
30
31    <uses-permission android:name="com.sudarshan.mobileguard.DYNAMIC_RECEIVER_NOT_EXPORTED_PERMISSION" />
31-->[androidx.core:core:1.9.0] AndroidManifest.xml:26:5-97
31-->[androidx.core:core:1.9.0] AndroidManifest.xml:26:22-94
32
33    <application
33-->src\main\AndroidManifest.xml:19:5-103:19
34        android:name="com.sudarshan.mobileguard.SudarshanApplication"
34-->src\main\AndroidManifest.xml:26:9-45
35        android:allowBackup="true"
35-->src\main\AndroidManifest.xml:20:9-35
36        android:appComponentFactory="androidx.core.app.CoreComponentFactory"
36-->[androidx.core:core:1.9.0] AndroidManifest.xml:28:18-86
37        android:debuggable="true"
38        android:extractNativeLibs="false"
39        android:icon="@mipmap/ic_launcher"
39-->src\main\AndroidManifest.xml:21:9-43
40        android:label="@string/app_name"
40-->src\main\AndroidManifest.xml:22:9-41
41        android:roundIcon="@mipmap/ic_launcher_round"
41-->src\main\AndroidManifest.xml:23:9-54
42        android:supportsRtl="true"
42-->src\main\AndroidManifest.xml:24:9-35
43        android:testOnly="true"
44        android:theme="@style/Theme.SudarshanGuard" >
44-->src\main\AndroidManifest.xml:25:9-52
45
46        <!--
47             ═══════════════════════════════════════════
48             ACTIVITIES
49             ═══════════════════════════════════════════
50        -->
51        <activity
51-->src\main\AndroidManifest.xml:31:9-39:20
52            android:name="com.sudarshan.mobileguard.activities.SplashActivity"
52-->src\main\AndroidManifest.xml:32:13-54
53            android:exported="true"
53-->src\main\AndroidManifest.xml:33:13-36
54            android:theme="@style/Theme.SudarshanGuard.Splash" >
54-->src\main\AndroidManifest.xml:34:13-63
55            <intent-filter>
55-->src\main\AndroidManifest.xml:35:13-38:29
56                <action android:name="android.intent.action.MAIN" />
56-->src\main\AndroidManifest.xml:36:17-69
56-->src\main\AndroidManifest.xml:36:25-66
57
58                <category android:name="android.intent.category.LAUNCHER" />
58-->src\main\AndroidManifest.xml:37:17-77
58-->src\main\AndroidManifest.xml:37:27-74
59            </intent-filter>
60        </activity>
61        <activity
61-->src\main\AndroidManifest.xml:41:9-44:58
62            android:name="com.sudarshan.mobileguard.activities.MainActivity"
62-->src\main\AndroidManifest.xml:42:13-52
63            android:exported="false"
63-->src\main\AndroidManifest.xml:43:13-37
64            android:windowSoftInputMode="adjustResize" />
64-->src\main\AndroidManifest.xml:44:13-55
65        <activity
65-->src\main\AndroidManifest.xml:46:9-48:40
66            android:name="com.sudarshan.mobileguard.activities.ScanActivity"
66-->src\main\AndroidManifest.xml:47:13-52
67            android:exported="false" />
67-->src\main\AndroidManifest.xml:48:13-37
68        <activity
68-->src\main\AndroidManifest.xml:50:9-52:40
69            android:name="com.sudarshan.mobileguard.activities.ReportActivity"
69-->src\main\AndroidManifest.xml:51:13-54
70            android:exported="false" />
70-->src\main\AndroidManifest.xml:52:13-37
71        <activity
71-->src\main\AndroidManifest.xml:54:9-56:40
72            android:name="com.sudarshan.mobileguard.activities.HistoryActivity"
72-->src\main\AndroidManifest.xml:55:13-55
73            android:exported="false" />
73-->src\main\AndroidManifest.xml:56:13-37
74
75        <!--
76             ═══════════════════════════════════════════
77             SERVICES
78             ═══════════════════════════════════════════
79        -->
80        <service
80-->src\main\AndroidManifest.xml:61:9-64:56
81            android:name="com.sudarshan.mobileguard.services.InstallMonitorService"
81-->src\main\AndroidManifest.xml:62:13-59
82            android:exported="false"
82-->src\main\AndroidManifest.xml:63:13-37
83            android:foregroundServiceType="dataSync" />
83-->src\main\AndroidManifest.xml:64:13-53
84        <service
84-->src\main\AndroidManifest.xml:66:9-69:72
85            android:name="com.sudarshan.mobileguard.services.ScanJobService"
85-->src\main\AndroidManifest.xml:67:13-52
86            android:exported="false"
86-->src\main\AndroidManifest.xml:68:13-37
87            android:permission="android.permission.BIND_JOB_SERVICE" />
87-->src\main\AndroidManifest.xml:69:13-69
88
89        <!--
90             ═══════════════════════════════════════════
91             RECEIVERS
92             ═══════════════════════════════════════════
93        -->
94        <receiver
94-->src\main\AndroidManifest.xml:74:9-82:20
95            android:name="com.sudarshan.mobileguard.services.PackageInstallReceiver"
95-->src\main\AndroidManifest.xml:75:13-60
96            android:exported="true" >
96-->src\main\AndroidManifest.xml:76:13-36
97            <intent-filter>
97-->src\main\AndroidManifest.xml:77:13-81:29
98                <action android:name="android.intent.action.PACKAGE_ADDED" />
98-->src\main\AndroidManifest.xml:78:17-78
98-->src\main\AndroidManifest.xml:78:25-75
99                <action android:name="android.intent.action.PACKAGE_REPLACED" />
99-->src\main\AndroidManifest.xml:79:17-81
99-->src\main\AndroidManifest.xml:79:25-78
100
101                <data android:scheme="package" />
101-->src\main\AndroidManifest.xml:80:17-50
101-->src\main\AndroidManifest.xml:80:23-47
102            </intent-filter>
103        </receiver>
104        <receiver
104-->src\main\AndroidManifest.xml:84:9-90:20
105            android:name="com.sudarshan.mobileguard.services.BootReceiver"
105-->src\main\AndroidManifest.xml:85:13-50
106            android:exported="true" >
106-->src\main\AndroidManifest.xml:86:13-36
107            <intent-filter>
107-->src\main\AndroidManifest.xml:87:13-89:29
108                <action android:name="android.intent.action.BOOT_COMPLETED" />
108-->src\main\AndroidManifest.xml:88:17-79
108-->src\main\AndroidManifest.xml:88:25-76
109            </intent-filter>
110        </receiver>
111
112        <!-- File Provider for APK sharing -->
113        <provider
114            android:name="androidx.core.content.FileProvider"
114-->src\main\AndroidManifest.xml:94:13-62
115            android:authorities="com.sudarshan.mobileguard.fileprovider"
115-->src\main\AndroidManifest.xml:95:13-64
116            android:exported="false"
116-->src\main\AndroidManifest.xml:96:13-37
117            android:grantUriPermissions="true" >
117-->src\main\AndroidManifest.xml:97:13-47
118            <meta-data
118-->src\main\AndroidManifest.xml:98:13-100:54
119                android:name="android.support.FILE_PROVIDER_PATHS"
119-->src\main\AndroidManifest.xml:99:17-67
120                android:resource="@xml/file_paths" />
120-->src\main\AndroidManifest.xml:100:17-51
121        </provider>
122        <provider
122-->[androidx.work:work-runtime:2.9.0] AndroidManifest.xml:29:9-37:20
123            android:name="androidx.startup.InitializationProvider"
123-->[androidx.work:work-runtime:2.9.0] AndroidManifest.xml:30:13-67
124            android:authorities="com.sudarshan.mobileguard.androidx-startup"
124-->[androidx.work:work-runtime:2.9.0] AndroidManifest.xml:31:13-68
125            android:exported="false" >
125-->[androidx.work:work-runtime:2.9.0] AndroidManifest.xml:32:13-37
126            <meta-data
126-->[androidx.work:work-runtime:2.9.0] AndroidManifest.xml:34:13-36:52
127                android:name="androidx.work.WorkManagerInitializer"
127-->[androidx.work:work-runtime:2.9.0] AndroidManifest.xml:35:17-68
128                android:value="androidx.startup" />
128-->[androidx.work:work-runtime:2.9.0] AndroidManifest.xml:36:17-49
129            <meta-data
129-->[androidx.emoji2:emoji2:1.2.0] AndroidManifest.xml:29:13-31:52
130                android:name="androidx.emoji2.text.EmojiCompatInitializer"
130-->[androidx.emoji2:emoji2:1.2.0] AndroidManifest.xml:30:17-75
131                android:value="androidx.startup" />
131-->[androidx.emoji2:emoji2:1.2.0] AndroidManifest.xml:31:17-49
132            <meta-data
132-->[androidx.lifecycle:lifecycle-process:2.7.0] AndroidManifest.xml:29:13-31:52
133                android:name="androidx.lifecycle.ProcessLifecycleInitializer"
133-->[androidx.lifecycle:lifecycle-process:2.7.0] AndroidManifest.xml:30:17-78
134                android:value="androidx.startup" />
134-->[androidx.lifecycle:lifecycle-process:2.7.0] AndroidManifest.xml:31:17-49
135            <meta-data
135-->[androidx.profileinstaller:profileinstaller:1.3.0] AndroidManifest.xml:29:13-31:52
136                android:name="androidx.profileinstaller.ProfileInstallerInitializer"
136-->[androidx.profileinstaller:profileinstaller:1.3.0] AndroidManifest.xml:30:17-85
137                android:value="androidx.startup" />
137-->[androidx.profileinstaller:profileinstaller:1.3.0] AndroidManifest.xml:31:17-49
138        </provider>
139
140        <service
140-->[androidx.work:work-runtime:2.9.0] AndroidManifest.xml:39:9-45:35
141            android:name="androidx.work.impl.background.systemalarm.SystemAlarmService"
141-->[androidx.work:work-runtime:2.9.0] AndroidManifest.xml:40:13-88
142            android:directBootAware="false"
142-->[androidx.work:work-runtime:2.9.0] AndroidManifest.xml:41:13-44
143            android:enabled="@bool/enable_system_alarm_service_default"
143-->[androidx.work:work-runtime:2.9.0] AndroidManifest.xml:42:13-72
144            android:exported="false" />
144-->[androidx.work:work-runtime:2.9.0] AndroidManifest.xml:43:13-37
145        <service
145-->[androidx.work:work-runtime:2.9.0] AndroidManifest.xml:46:9-52:35
146            android:name="androidx.work.impl.background.systemjob.SystemJobService"
146-->[androidx.work:work-runtime:2.9.0] AndroidManifest.xml:47:13-84
147            android:directBootAware="false"
147-->[androidx.work:work-runtime:2.9.0] AndroidManifest.xml:48:13-44
148            android:enabled="@bool/enable_system_job_service_default"
148-->[androidx.work:work-runtime:2.9.0] AndroidManifest.xml:49:13-70
149            android:exported="true"
149-->[androidx.work:work-runtime:2.9.0] AndroidManifest.xml:50:13-36
150            android:permission="android.permission.BIND_JOB_SERVICE" />
150-->[androidx.work:work-runtime:2.9.0] AndroidManifest.xml:51:13-69
151        <service
151-->[androidx.work:work-runtime:2.9.0] AndroidManifest.xml:53:9-59:35
152            android:name="androidx.work.impl.foreground.SystemForegroundService"
152-->[androidx.work:work-runtime:2.9.0] AndroidManifest.xml:54:13-81
153            android:directBootAware="false"
153-->[androidx.work:work-runtime:2.9.0] AndroidManifest.xml:55:13-44
154            android:enabled="@bool/enable_system_foreground_service_default"
154-->[androidx.work:work-runtime:2.9.0] AndroidManifest.xml:56:13-77
155            android:exported="false" />
155-->[androidx.work:work-runtime:2.9.0] AndroidManifest.xml:57:13-37
156
157        <receiver
157-->[androidx.work:work-runtime:2.9.0] AndroidManifest.xml:61:9-66:35
158            android:name="androidx.work.impl.utils.ForceStopRunnable$BroadcastReceiver"
158-->[androidx.work:work-runtime:2.9.0] AndroidManifest.xml:62:13-88
159            android:directBootAware="false"
159-->[androidx.work:work-runtime:2.9.0] AndroidManifest.xml:63:13-44
160            android:enabled="true"
160-->[androidx.work:work-runtime:2.9.0] AndroidManifest.xml:64:13-35
161            android:exported="false" />
161-->[androidx.work:work-runtime:2.9.0] AndroidManifest.xml:65:13-37
162        <receiver
162-->[androidx.work:work-runtime:2.9.0] AndroidManifest.xml:67:9-77:20
163            android:name="androidx.work.impl.background.systemalarm.ConstraintProxy$BatteryChargingProxy"
163-->[androidx.work:work-runtime:2.9.0] AndroidManifest.xml:68:13-106
164            android:directBootAware="false"
164-->[androidx.work:work-runtime:2.9.0] AndroidManifest.xml:69:13-44
165            android:enabled="false"
165-->[androidx.work:work-runtime:2.9.0] AndroidManifest.xml:70:13-36
166            android:exported="false" >
166-->[androidx.work:work-runtime:2.9.0] AndroidManifest.xml:71:13-37
167            <intent-filter>
167-->[androidx.work:work-runtime:2.9.0] AndroidManifest.xml:73:13-76:29
168                <action android:name="android.intent.action.ACTION_POWER_CONNECTED" />
168-->[androidx.work:work-runtime:2.9.0] AndroidManifest.xml:74:17-87
168-->[androidx.work:work-runtime:2.9.0] AndroidManifest.xml:74:25-84
169                <action android:name="android.intent.action.ACTION_POWER_DISCONNECTED" />
169-->[androidx.work:work-runtime:2.9.0] AndroidManifest.xml:75:17-90
169-->[androidx.work:work-runtime:2.9.0] AndroidManifest.xml:75:25-87
170            </intent-filter>
171        </receiver>
172        <receiver
172-->[androidx.work:work-runtime:2.9.0] AndroidManifest.xml:78:9-88:20
173            android:name="androidx.work.impl.background.systemalarm.ConstraintProxy$BatteryNotLowProxy"
173-->[androidx.work:work-runtime:2.9.0] AndroidManifest.xml:79:13-104
174            android:directBootAware="false"
174-->[androidx.work:work-runtime:2.9.0] AndroidManifest.xml:80:13-44
175            android:enabled="false"
175-->[androidx.work:work-runtime:2.9.0] AndroidManifest.xml:81:13-36
176            android:exported="false" >
176-->[androidx.work:work-runtime:2.9.0] AndroidManifest.xml:82:13-37
177            <intent-filter>
177-->[androidx.work:work-runtime:2.9.0] AndroidManifest.xml:84:13-87:29
178                <action android:name="android.intent.action.BATTERY_OKAY" />
178-->[androidx.work:work-runtime:2.9.0] AndroidManifest.xml:85:17-77
178-->[androidx.work:work-runtime:2.9.0] AndroidManifest.xml:85:25-74
179                <action android:name="android.intent.action.BATTERY_LOW" />
179-->[androidx.work:work-runtime:2.9.0] AndroidManifest.xml:86:17-76
179-->[androidx.work:work-runtime:2.9.0] AndroidManifest.xml:86:25-73
180            </intent-filter>
181        </receiver>
182        <receiver
182-->[androidx.work:work-runtime:2.9.0] AndroidManifest.xml:89:9-99:20
183            android:name="androidx.work.impl.background.systemalarm.ConstraintProxy$StorageNotLowProxy"
183-->[androidx.work:work-runtime:2.9.0] AndroidManifest.xml:90:13-104
184            android:directBootAware="false"
184-->[androidx.work:work-runtime:2.9.0] AndroidManifest.xml:91:13-44
185            android:enabled="false"
185-->[androidx.work:work-runtime:2.9.0] AndroidManifest.xml:92:13-36
186            android:exported="false" >
186-->[androidx.work:work-runtime:2.9.0] AndroidManifest.xml:93:13-37
187            <intent-filter>
187-->[androidx.work:work-runtime:2.9.0] AndroidManifest.xml:95:13-98:29
188                <action android:name="android.intent.action.DEVICE_STORAGE_LOW" />
188-->[androidx.work:work-runtime:2.9.0] AndroidManifest.xml:96:17-83
188-->[androidx.work:work-runtime:2.9.0] AndroidManifest.xml:96:25-80
189                <action android:name="android.intent.action.DEVICE_STORAGE_OK" />
189-->[androidx.work:work-runtime:2.9.0] AndroidManifest.xml:97:17-82
189-->[androidx.work:work-runtime:2.9.0] AndroidManifest.xml:97:25-79
190            </intent-filter>
191        </receiver>
192        <receiver
192-->[androidx.work:work-runtime:2.9.0] AndroidManifest.xml:100:9-109:20
193            android:name="androidx.work.impl.background.systemalarm.ConstraintProxy$NetworkStateProxy"
193-->[androidx.work:work-runtime:2.9.0] AndroidManifest.xml:101:13-103
194            android:directBootAware="false"
194-->[androidx.work:work-runtime:2.9.0] AndroidManifest.xml:102:13-44
195            android:enabled="false"
195-->[androidx.work:work-runtime:2.9.0] AndroidManifest.xml:103:13-36
196            android:exported="false" >
196-->[androidx.work:work-runtime:2.9.0] AndroidManifest.xml:104:13-37
197            <intent-filter>
197-->[androidx.work:work-runtime:2.9.0] AndroidManifest.xml:106:13-108:29
198                <action android:name="android.net.conn.CONNECTIVITY_CHANGE" />
198-->[androidx.work:work-runtime:2.9.0] AndroidManifest.xml:107:17-79
198-->[androidx.work:work-runtime:2.9.0] AndroidManifest.xml:107:25-76
199            </intent-filter>
200        </receiver>
201        <receiver
201-->[androidx.work:work-runtime:2.9.0] AndroidManifest.xml:110:9-121:20
202            android:name="androidx.work.impl.background.systemalarm.RescheduleReceiver"
202-->[androidx.work:work-runtime:2.9.0] AndroidManifest.xml:111:13-88
203            android:directBootAware="false"
203-->[androidx.work:work-runtime:2.9.0] AndroidManifest.xml:112:13-44
204            android:enabled="false"
204-->[androidx.work:work-runtime:2.9.0] AndroidManifest.xml:113:13-36
205            android:exported="false" >
205-->[androidx.work:work-runtime:2.9.0] AndroidManifest.xml:114:13-37
206            <intent-filter>
206-->[androidx.work:work-runtime:2.9.0] AndroidManifest.xml:116:13-120:29
207                <action android:name="android.intent.action.BOOT_COMPLETED" />
207-->src\main\AndroidManifest.xml:88:17-79
207-->src\main\AndroidManifest.xml:88:25-76
208                <action android:name="android.intent.action.TIME_SET" />
208-->[androidx.work:work-runtime:2.9.0] AndroidManifest.xml:118:17-73
208-->[androidx.work:work-runtime:2.9.0] AndroidManifest.xml:118:25-70
209                <action android:name="android.intent.action.TIMEZONE_CHANGED" />
209-->[androidx.work:work-runtime:2.9.0] AndroidManifest.xml:119:17-81
209-->[androidx.work:work-runtime:2.9.0] AndroidManifest.xml:119:25-78
210            </intent-filter>
211        </receiver>
212        <receiver
212-->[androidx.work:work-runtime:2.9.0] AndroidManifest.xml:122:9-131:20
213            android:name="androidx.work.impl.background.systemalarm.ConstraintProxyUpdateReceiver"
213-->[androidx.work:work-runtime:2.9.0] AndroidManifest.xml:123:13-99
214            android:directBootAware="false"
214-->[androidx.work:work-runtime:2.9.0] AndroidManifest.xml:124:13-44
215            android:enabled="@bool/enable_system_alarm_service_default"
215-->[androidx.work:work-runtime:2.9.0] AndroidManifest.xml:125:13-72
216            android:exported="false" >
216-->[androidx.work:work-runtime:2.9.0] AndroidManifest.xml:126:13-37
217            <intent-filter>
217-->[androidx.work:work-runtime:2.9.0] AndroidManifest.xml:128:13-130:29
218                <action android:name="androidx.work.impl.background.systemalarm.UpdateProxies" />
218-->[androidx.work:work-runtime:2.9.0] AndroidManifest.xml:129:17-98
218-->[androidx.work:work-runtime:2.9.0] AndroidManifest.xml:129:25-95
219            </intent-filter>
220        </receiver>
221        <receiver
221-->[androidx.work:work-runtime:2.9.0] AndroidManifest.xml:132:9-142:20
222            android:name="androidx.work.impl.diagnostics.DiagnosticsReceiver"
222-->[androidx.work:work-runtime:2.9.0] AndroidManifest.xml:133:13-78
223            android:directBootAware="false"
223-->[androidx.work:work-runtime:2.9.0] AndroidManifest.xml:134:13-44
224            android:enabled="true"
224-->[androidx.work:work-runtime:2.9.0] AndroidManifest.xml:135:13-35
225            android:exported="true"
225-->[androidx.work:work-runtime:2.9.0] AndroidManifest.xml:136:13-36
226            android:permission="android.permission.DUMP" >
226-->[androidx.work:work-runtime:2.9.0] AndroidManifest.xml:137:13-57
227            <intent-filter>
227-->[androidx.work:work-runtime:2.9.0] AndroidManifest.xml:139:13-141:29
228                <action android:name="androidx.work.diagnostics.REQUEST_DIAGNOSTICS" />
228-->[androidx.work:work-runtime:2.9.0] AndroidManifest.xml:140:17-88
228-->[androidx.work:work-runtime:2.9.0] AndroidManifest.xml:140:25-85
229            </intent-filter>
230        </receiver>
231
232        <service
232-->[androidx.room:room-runtime:2.6.1] AndroidManifest.xml:24:9-28:63
233            android:name="androidx.room.MultiInstanceInvalidationService"
233-->[androidx.room:room-runtime:2.6.1] AndroidManifest.xml:25:13-74
234            android:directBootAware="true"
234-->[androidx.room:room-runtime:2.6.1] AndroidManifest.xml:26:13-43
235            android:exported="false" />
235-->[androidx.room:room-runtime:2.6.1] AndroidManifest.xml:27:13-37
236
237        <receiver
237-->[androidx.profileinstaller:profileinstaller:1.3.0] AndroidManifest.xml:34:9-52:20
238            android:name="androidx.profileinstaller.ProfileInstallReceiver"
238-->[androidx.profileinstaller:profileinstaller:1.3.0] AndroidManifest.xml:35:13-76
239            android:directBootAware="false"
239-->[androidx.profileinstaller:profileinstaller:1.3.0] AndroidManifest.xml:36:13-44
240            android:enabled="true"
240-->[androidx.profileinstaller:profileinstaller:1.3.0] AndroidManifest.xml:37:13-35
241            android:exported="true"
241-->[androidx.profileinstaller:profileinstaller:1.3.0] AndroidManifest.xml:38:13-36
242            android:permission="android.permission.DUMP" >
242-->[androidx.profileinstaller:profileinstaller:1.3.0] AndroidManifest.xml:39:13-57
243            <intent-filter>
243-->[androidx.profileinstaller:profileinstaller:1.3.0] AndroidManifest.xml:40:13-42:29
244                <action android:name="androidx.profileinstaller.action.INSTALL_PROFILE" />
244-->[androidx.profileinstaller:profileinstaller:1.3.0] AndroidManifest.xml:41:17-91
244-->[androidx.profileinstaller:profileinstaller:1.3.0] AndroidManifest.xml:41:25-88
245            </intent-filter>
246            <intent-filter>
246-->[androidx.profileinstaller:profileinstaller:1.3.0] AndroidManifest.xml:43:13-45:29
247                <action android:name="androidx.profileinstaller.action.SKIP_FILE" />
247-->[androidx.profileinstaller:profileinstaller:1.3.0] AndroidManifest.xml:44:17-85
247-->[androidx.profileinstaller:profileinstaller:1.3.0] AndroidManifest.xml:44:25-82
248            </intent-filter>
249            <intent-filter>
249-->[androidx.profileinstaller:profileinstaller:1.3.0] AndroidManifest.xml:46:13-48:29
250                <action android:name="androidx.profileinstaller.action.SAVE_PROFILE" />
250-->[androidx.profileinstaller:profileinstaller:1.3.0] AndroidManifest.xml:47:17-88
250-->[androidx.profileinstaller:profileinstaller:1.3.0] AndroidManifest.xml:47:25-85
251            </intent-filter>
252            <intent-filter>
252-->[androidx.profileinstaller:profileinstaller:1.3.0] AndroidManifest.xml:49:13-51:29
253                <action android:name="androidx.profileinstaller.action.BENCHMARK_OPERATION" />
253-->[androidx.profileinstaller:profileinstaller:1.3.0] AndroidManifest.xml:50:17-95
253-->[androidx.profileinstaller:profileinstaller:1.3.0] AndroidManifest.xml:50:25-92
254            </intent-filter>
255        </receiver>
256    </application>
257
258</manifest>